<?xml version="1.0" encoding="UTF-8"?>
<!-- Generated by org.testng.reporters.JUnitXMLReporter -->
<testsuite hostname="INNOSZPC01131" name="SecondTC_TP_ITR2" tests="1" failures="0" timestamp="13 Feb 2017 09:48:17 GMT" time="0.001" errors="0">
  <testcase name="@BeforeSuite preSuite" time="0.0" classname="com.automatics.data.testScripts.SecondTC">
    <failure type="AutoMaTics.InvalidInputException" message="HOST_IP Not present in Configuration">
      <![CDATA[AutoMaTics.InvalidInputException: HOST_IP Not present in Configuration
	at AutoMaTics.Helper.checkConfigParams(Utils.java:448)
	at AutoMaTics.Reporter.startExecution(Reporter.java:58)
	at AutoMaTics.Utils.startSuite(Utils.java:161)
	at Suite.beforeSuite.preSuite(beforeSuite.java:11)
	at com.automatics.packages.check.Check.main(Check.java:27)
... Removed 15 stack frames]]>
    </failure>
  </testcase> <!-- @BeforeSuite preSuite -->
  <testcase name="@BeforeTest beforeTest" time="0.0" classname="com.automatics.data.testScripts.SecondTC">
    <skipped/>
  </testcase> <!-- @BeforeTest beforeTest -->
  <testcase name="@AfterTest afterTest" time="0.0" classname="com.automatics.data.testScripts.SecondTC">
    <skipped/>
  </testcase> <!-- @AfterTest afterTest -->
  <testcase name="test" time="0.0" classname="com.automatics.data.testScripts.SecondTC">
    <skipped/>
  </testcase> <!-- test -->
</testsuite> <!-- SecondTC_TP_ITR2 -->
