<?xml version="1.0" encoding="UTF-8"?>
<!-- Generated by org.testng.reporters.JUnitXMLReporter -->
<testsuite hostname="INNOSZPC01131" name="SecondTC_TP_ITR1" tests="1" failures="0" timestamp="13 Feb 2017 09:48:16 GMT" time="0.001" errors="0">
  <testcase name="@BeforeTest beforeTest" time="0.0" classname="com.automatics.data.testScripts.SecondTC">
    <skipped/>
  </testcase> <!-- @BeforeTest beforeTest -->
  <testcase name="@AfterTest afterTest" time="0.0" classname="com.automatics.data.testScripts.SecondTC">
    <skipped/>
  </testcase> <!-- @AfterTest afterTest -->
  <testcase name="test" time="0.0" classname="com.automatics.data.testScripts.SecondTC">
    <skipped/>
  </testcase> <!-- test -->
</testsuite> <!-- SecondTC_TP_ITR1 -->
