<?xml version="1.0" encoding="UTF-8"?>
<testng-results skipped="4" failed="0" total="4" passed="0">
  <reporter-output>
  </reporter-output>
  <suite name="FirstTS" duration-ms="664" started-at="2017-02-13T09:48:16Z" finished-at="2017-02-13T09:48:16Z">
    <groups>
    </groups>
    <test name="FirstTC_TP_ITR1" duration-ms="16" started-at="2017-02-13T09:48:16Z" finished-at="2017-02-13T09:48:16Z">
      <class name="com.automatics.data.testScripts.FirstTC">
        <test-method status="SKIP" signature="beforeTest(org.testng.ITestContext)[pri:0, instance:com.automatics.data.testScripts.FirstTC@14c5515]" name="beforeTest" is-config="true" duration-ms="0" started-at="2017-02-13T15:18:16Z" finished-at="2017-02-13T15:18:16Z">
          <reporter-output>
          </reporter-output>
        </test-method> <!-- beforeTest -->
        <test-method status="SKIP" signature="test(org.testng.ITestContext)[pri:0, instance:com.automatics.data.testScripts.FirstTC@14c5515]" name="test" duration-ms="1" started-at="2017-02-13T15:18:16Z" finished-at="2017-02-13T15:18:16Z">
          <params>
            <param index="0">
              <value>
                <![CDATA[org.testng.TestRunner@6e6b0c]]>
              </value>
            </param>
          </params>
          <reporter-output>
          </reporter-output>
        </test-method> <!-- test -->
        <test-method status="SKIP" signature="afterTest(org.testng.ITestContext)[pri:0, instance:com.automatics.data.testScripts.FirstTC@14c5515]" name="afterTest" is-config="true" duration-ms="0" started-at="2017-02-13T15:18:16Z" finished-at="2017-02-13T15:18:16Z">
          <reporter-output>
          </reporter-output>
        </test-method> <!-- afterTest -->
      </class> <!-- com.automatics.data.testScripts.FirstTC -->
    </test> <!-- FirstTC_TP_ITR1 -->
    <test name="FirstTC_TP_ITR2" duration-ms="1" started-at="2017-02-13T09:48:16Z" finished-at="2017-02-13T09:48:16Z">
      <class name="com.automatics.data.testScripts.FirstTC">
        <test-method status="SKIP" signature="test(org.testng.ITestContext)[pri:0, instance:com.automatics.data.testScripts.FirstTC@17e1986]" name="test" duration-ms="0" started-at="2017-02-13T15:18:16Z" finished-at="2017-02-13T15:18:16Z">
          <params>
            <param index="0">
              <value>
                <![CDATA[org.testng.TestRunner@4817a2]]>
              </value>
            </param>
          </params>
          <reporter-output>
          </reporter-output>
        </test-method> <!-- test -->
        <test-method status="SKIP" signature="beforeTest(org.testng.ITestContext)[pri:0, instance:com.automatics.data.testScripts.FirstTC@17e1986]" name="beforeTest" is-config="true" duration-ms="0" started-at="2017-02-13T15:18:16Z" finished-at="2017-02-13T15:18:16Z">
          <reporter-output>
          </reporter-output>
        </test-method> <!-- beforeTest -->
        <test-method status="SKIP" signature="afterTest(org.testng.ITestContext)[pri:0, instance:com.automatics.data.testScripts.FirstTC@17e1986]" name="afterTest" is-config="true" duration-ms="0" started-at="2017-02-13T15:18:16Z" finished-at="2017-02-13T15:18:16Z">
          <reporter-output>
          </reporter-output>
        </test-method> <!-- afterTest -->
      </class> <!-- com.automatics.data.testScripts.FirstTC -->
    </test> <!-- FirstTC_TP_ITR2 -->
    <test name="SecondTC_TP_ITR1" duration-ms="1" started-at="2017-02-13T09:48:16Z" finished-at="2017-02-13T09:48:16Z">
      <class name="com.automatics.data.testScripts.SecondTC">
        <test-method status="SKIP" signature="beforeTest(org.testng.ITestContext)[pri:0, instance:com.automatics.data.testScripts.SecondTC@17d0578]" name="beforeTest" is-config="true" duration-ms="0" started-at="2017-02-13T15:18:16Z" finished-at="2017-02-13T15:18:16Z">
          <reporter-output>
          </reporter-output>
        </test-method> <!-- beforeTest -->
        <test-method status="SKIP" signature="test(org.testng.ITestContext)[pri:0, instance:com.automatics.data.testScripts.SecondTC@17d0578]" name="test" duration-ms="0" started-at="2017-02-13T15:18:16Z" finished-at="2017-02-13T15:18:16Z">
          <params>
            <param index="0">
              <value>
                <![CDATA[org.testng.TestRunner@e7b2c4]]>
              </value>
            </param>
          </params>
          <reporter-output>
          </reporter-output>
        </test-method> <!-- test -->
        <test-method status="SKIP" signature="afterTest(org.testng.ITestContext)[pri:0, instance:com.automatics.data.testScripts.SecondTC@17d0578]" name="afterTest" is-config="true" duration-ms="0" started-at="2017-02-13T15:18:16Z" finished-at="2017-02-13T15:18:16Z">
          <reporter-output>
          </reporter-output>
        </test-method> <!-- afterTest -->
      </class> <!-- com.automatics.data.testScripts.SecondTC -->
    </test> <!-- SecondTC_TP_ITR1 -->
    <test name="SecondTC_TP_ITR2" duration-ms="1" started-at="2017-02-13T09:48:16Z" finished-at="2017-02-13T09:48:16Z">
      <class name="com.automatics.data.testScripts.SecondTC">
        <test-method status="FAIL" signature="preSuite()[pri:0, instance:com.automatics.data.testScripts.SecondTC@9711b]" name="preSuite" is-config="true" duration-ms="0" started-at="2017-02-13T15:18:15Z" finished-at="2017-02-13T15:18:15Z">
          <exception class="AutoMaTics.InvalidInputException">
            <message>
              <![CDATA[HOST_IP Not present in Configuration]]>
            </message>
            <full-stacktrace>
              <![CDATA[AutoMaTics.InvalidInputException: HOST_IP Not present in Configuration
	at AutoMaTics.Helper.checkConfigParams(Utils.java:448)
	at AutoMaTics.Reporter.startExecution(Reporter.java:58)
	at AutoMaTics.Utils.startSuite(Utils.java:161)
	at Suite.beforeSuite.preSuite(beforeSuite.java:11)
	at sun.reflect.NativeMethodAccessorImpl.invoke0(Native Method)
	at sun.reflect.NativeMethodAccessorImpl.invoke(NativeMethodAccessorImpl.java:62)
	at sun.reflect.DelegatingMethodAccessorImpl.invoke(DelegatingMethodAccessorImpl.java:43)
	at java.lang.reflect.Method.invoke(Method.java:497)
	at org.testng.internal.MethodInvocationHelper.invokeMethod(MethodInvocationHelper.java:84)
	at org.testng.internal.Invoker.invokeConfigurationMethod(Invoker.java:564)
	at org.testng.internal.Invoker.invokeConfigurations(Invoker.java:213)
	at org.testng.internal.Invoker.invokeConfigurations(Invoker.java:138)
	at org.testng.SuiteRunner.privateRun(SuiteRunner.java:277)
	at org.testng.SuiteRunner.run(SuiteRunner.java:240)
	at org.testng.SuiteRunnerWorker.runSuite(SuiteRunnerWorker.java:52)
	at org.testng.SuiteRunnerWorker.run(SuiteRunnerWorker.java:86)
	at org.testng.TestNG.runSuitesSequentially(TestNG.java:1224)
	at org.testng.TestNG.runSuitesLocally(TestNG.java:1149)
	at org.testng.TestNG.run(TestNG.java:1057)
	at com.automatics.packages.check.Check.main(Check.java:27)
]]>
            </full-stacktrace>
          </exception> <!-- AutoMaTics.InvalidInputException -->
          <reporter-output>
          </reporter-output>
        </test-method> <!-- preSuite -->
        <test-method status="SKIP" signature="beforeTest(org.testng.ITestContext)[pri:0, instance:com.automatics.data.testScripts.SecondTC@9711b]" name="beforeTest" is-config="true" duration-ms="0" started-at="2017-02-13T15:18:16Z" finished-at="2017-02-13T15:18:16Z">
          <reporter-output>
          </reporter-output>
        </test-method> <!-- beforeTest -->
        <test-method status="SKIP" signature="afterTest(org.testng.ITestContext)[pri:0, instance:com.automatics.data.testScripts.SecondTC@9711b]" name="afterTest" is-config="true" duration-ms="0" started-at="2017-02-13T15:18:16Z" finished-at="2017-02-13T15:18:16Z">
          <reporter-output>
          </reporter-output>
        </test-method> <!-- afterTest -->
        <test-method status="SKIP" signature="test(org.testng.ITestContext)[pri:0, instance:com.automatics.data.testScripts.SecondTC@9711b]" name="test" duration-ms="0" started-at="2017-02-13T15:18:16Z" finished-at="2017-02-13T15:18:16Z">
          <params>
            <param index="0">
              <value>
                <![CDATA[org.testng.TestRunner@116df97]]>
              </value>
            </param>
          </params>
          <reporter-output>
          </reporter-output>
        </test-method> <!-- test -->
      </class> <!-- com.automatics.data.testScripts.SecondTC -->
    </test> <!-- SecondTC_TP_ITR2 -->
  </suite> <!-- FirstTS -->
</testng-results>
